{
  "timestamp": "2025-07-20T10:12:37.459335",
  "version": "CHNeoWave v1.1.0-beta",
  "total_tests": 3,
  "passed": 0,
  "failed": 3,
  "errors": 0,
  "timeouts": 0,
  "total_duration": 8.966407060623169,
  "results": {
    "test_launch_gui.py": {
      "status": "failed",
      "duration": 2.904073715209961,
      "output": "============================= test session starts =============================\ncollecting ... collected 0 items / 1 error\n\n=================================== ERRORS ====================================\n_______________ ERROR collecting tests_smoke/test_launch_gui.py _______________\ntests_smoke\\test_launch_gui.py:17: in <module>\n    from hrneowave.gui.main_window import CHNeoWaveMainWindow\nsrc\\hrneowave\\gui\\main_window.py:33: in <module>\n    class MainWindow(QMainWindow):\nsrc\\hrneowave\\gui\\main_window.py:219: in MainWindow\n    @pyqtSlot()\n     ^^^^^^^^\nE   NameError: name 'pyqtSlot' is not defined\n=========================== short test summary info ===========================\nERROR tests_smoke/test_launch_gui.py - NameError: name 'pyqtSlot' is not defined\n!!!!!!!!!!!!!!!!!!! Interrupted: 1 error during collection !!!!!!!!!!!!!!!!!!!!\n============================== 1 error in 1.33s ===============================\n",
      "error": ""
    },
    "test_export_hdf5.py": {
      "status": "failed",
      "duration": 2.221210241317749,
      "output": "============================= test session starts =============================\ncollecting ... collected 4 items\n\ntests_smoke/test_export_hdf5.py::TestExportHDF5::test_hdf5_writer_basic FAILED [ 25%]\ntests_smoke/test_export_hdf5.py::TestExportHDF5::test_simulated_acquisition_export FAILED [ 50%]\ntests_smoke/test_export_hdf5.py::TestExportHDF5::test_hdf5_integrity_verification FAILED [ 75%]\ntests_smoke/test_export_hdf5.py::TestExportHDF5::test_large_dataset_export FAILED [100%]\n\n================================== FAILURES ===================================\n____________________ TestExportHDF5.test_hdf5_writer_basic ____________________\ntests_smoke\\test_export_hdf5.py:68: in test_hdf5_writer_basic\n    writer = HDF5Writer()\n             ^^^^^^^^^^^^\nE   TypeError: HDF5Writer.__init__() missing 1 required positional argument: 'filepath'\n\nDuring handling of the above exception, another exception occurred:\ntests_smoke\\test_export_hdf5.py:88: in test_hdf5_writer_basic\n    pytest.fail(f\"Erreur test HDF5Writer basique: {str(e)}\")\nE   Failed: Erreur test HDF5Writer basique: HDF5Writer.__init__() missing 1 required positional argument: 'filepath'\n---------------------------- Captured stdout setup ----------------------------\n\\n=== Configuration environnement de test CHNeoWave ===\\nR\\xe9pertoire projet: C:\\\\Users\\\\LEM\\\\Desktop\\\\chneowave\\nR\\xe9pertoire source: C:\\\\Users\\\\LEM\\\\Desktop\\\\chneowave\\\\src\\nPython: 3.11.9 (tags/v3.11.9:de54cf5, Apr  2 2024, 10:12:12) [MSC v.1938 64 bit (AMD64)]\\n\\u2713 PyQt5\\n\\u2713 numpy\\n\\u2713 scipy\\n\\u2713 h5py\\n\\u2713 reportlab\\n\\u2713 pyqtgraph\\n=== Environnement de test pr\\xeat ===\n______________ TestExportHDF5.test_simulated_acquisition_export _______________\ntests_smoke\\test_export_hdf5.py:100: in test_simulated_acquisition_export\n    backend.initialize({\n    ^^^^^^^^^^^^^^^^^^\nE   AttributeError: 'DemoBackend' object has no attribute 'initialize'\n\nDuring handling of the above exception, another exception occurred:\ntests_smoke\\test_export_hdf5.py:175: in test_simulated_acquisition_export\n    pytest.fail(f\"Erreur acquisition/export HDF5: {str(e)}\")\nE   Failed: Erreur acquisition/export HDF5: 'DemoBackend' object has no attribute 'initialize'\n_______________ TestExportHDF5.test_hdf5_integrity_verification _______________\ntests_smoke\\test_export_hdf5.py:195: in test_hdf5_integrity_verification\n    writer = HDF5Writer()\n             ^^^^^^^^^^^^\nE   TypeError: HDF5Writer.__init__() missing 1 required positional argument: 'filepath'\n\nDuring handling of the above exception, another exception occurred:\ntests_smoke\\test_export_hdf5.py:221: in test_hdf5_integrity_verification\n    pytest.fail(f\"Erreur test intégrité HDF5: {str(e)}\")\nE   Failed: Erreur test intégrité HDF5: HDF5Writer.__init__() missing 1 required positional argument: 'filepath'\n__________________ TestExportHDF5.test_large_dataset_export ___________________\ntests_smoke\\test_export_hdf5.py:244: in test_large_dataset_export\n    writer = HDF5Writer()\n             ^^^^^^^^^^^^\nE   TypeError: HDF5Writer.__init__() missing 1 required positional argument: 'filepath'\n\nDuring handling of the above exception, another exception occurred:\ntests_smoke\\test_export_hdf5.py:278: in test_large_dataset_export\n    pytest.fail(f\"Erreur test large dataset: {str(e)}\")\nE   Failed: Erreur test large dataset: HDF5Writer.__init__() missing 1 required positional argument: 'filepath'\n-------------------------- Captured stdout teardown ---------------------------\n\n=== Nettoyage environnement de test ===\n=========================== short test summary info ===========================\nFAILED tests_smoke/test_export_hdf5.py::TestExportHDF5::test_hdf5_writer_basic\nFAILED tests_smoke/test_export_hdf5.py::TestExportHDF5::test_simulated_acquisition_export\nFAILED tests_smoke/test_export_hdf5.py::TestExportHDF5::test_hdf5_integrity_verification\nFAILED tests_smoke/test_export_hdf5.py::TestExportHDF5::test_large_dataset_export\n============================== 4 failed in 1.44s ==============================\n",
      "error": ""
    },
    "test_calib_pdf.py": {
      "status": "failed",
      "duration": 3.841123104095459,
      "output": "============================= test session starts =============================\ncollecting ... collected 6 items\n\ntests_smoke/test_calib_pdf.py::TestCalibPDF::test_pdf_generator_basic PASSED [ 16%]\ntests_smoke/test_calib_pdf.py::TestCalibPDF::test_pdf_content_verification FAILED [ 33%]\ntests_smoke/test_calib_pdf.py::TestCalibPDF::test_pdf_with_high_quality_calibration PASSED [ 50%]\ntests_smoke/test_calib_pdf.py::TestCalibPDF::test_pdf_with_multiple_sensors PASSED [ 66%]\ntests_smoke/test_calib_pdf.py::TestCalibPDF::test_pdf_signature_verification FAILED [ 83%]\ntests_smoke/test_calib_pdf.py::TestCalibPDF::test_pdf_error_handling FAILED [100%]\n\n================================== FAILURES ===================================\n_________________ TestCalibPDF.test_pdf_content_verification __________________\ntests_smoke\\test_calib_pdf.py:116: in test_pdf_content_verification\n    assert 'CHNeoWave' in pdf_content, \"Titre CHNeoWave manquant\"\nE   AssertionError: Titre CHNeoWave manquant\nE   assert 'CHNeoWave' in '%PDF-1.4\\n%\\x93\\x8c\\x8b\\x9e ReportLab Generated PDF document http://www.reportlab.com\\n1 0 obj\\n<<\\n/F1 2 0 R /F2 3 0 R /F3 4 0 R\\n>>\\nendobj\\n2 0 obj\\n<<\\n/BaseFont /Helvetica /Encoding /WinAnsiEncoding /Name /F1 /Subtype /Type1 /Type /Font\\n>>\\nendobj\\n3 0 obj\\n<<\\n/BaseFont /Helvetica-Bold /Encoding /WinAnsiEncoding /Name /F2 /Subtype /Type1 /Type /Font\\n>>\\nendobj\\n4 0 obj\\n<<\\n/BaseFont /ZapfDingbats /Name /F3 /Subtype /Type1 /Type /Font\\n>>\\nendobj\\n5 0 obj\\n<<\\n/Contents 9 0 R /MediaBox [ 0 0 595.2756 841.8898 ] /Parent 8 0 R /Resources <<\\n/Font 1 0 R /ProcSet [ /PDF /Text /ImageB /ImageC /ImageI ]\\n>> /Rotate 0 /Trans <<\\n\\n>> \\n  /Type /Page\\n>>\\nendobj\\n6 0 obj\\n<<\\n/PageMode /UseNone /Pages 8 0 R /Type /Catalog\\n>>\\nendobj\\n7 0 obj\\n<<\\n/Author (\\\\(anonymous\\\\)) /CreationDate (D:20250720101236+02\\'00\\') /Creator (\\\\(unspecified\\\\)) /Keywords () /ModDate (D:20250720101236+02\\'00\\') /Producer (ReportLab PDF Library - www.reportlab.com) \\n  /Subject (\\\\(unspecified\\\\)) /Title (\\\\(anonymous\\\\)) /Trapped /False\\n>>\\nendobj\\n8 0 obj\\n<<\\n/Count 1 /Kids [ 5 0 R ] /Type /Pages\\n>>\\nendobj\\n9 0 obj\\n<<\\n/Filter [ /ASCII85Decode /FlateDecode ] /Length 1412\\n>>\\nstream\\nGatm;95...X)ho?Z[_2l/M/3k]1:fH0Wb;h[R&oSD-lSWT72HW!S+\\\\u8e>#lp#&otTiXCr5[<=uTQ&nk8WABPP;fY5%G[<Z$^\",(ttiVq9U(mK<B].)un>@Z=:V9Q[B`B%Q%@$f93IDIojJec_m+WT2RDA-DgCa)j/(M)G_oTC_>$VB\"d0SEZ*/%Ell1lRXgP[peql:X?[#Be!Xbt;qq;os=FZfPUb[)dni?#`\\'PB\\'Zf`bUXA_/ZI![]T8;B!_3.#/2kp1l%IsA]>NV`LaV8S;Z)CL]kMB7DNEH;#bbCqPVSKb5nS;8J2=$<c,=l)lYqL(9I7..j[XS\"\\'a$%HXI5W#S]m8:1aa]XbVo*(e#L-`Vo%S#(p)_qP+Gos[TQdfRbXr%ebf;[;tDk+%]e80HUXls?(3T2K3Z*gjcBPZ8h0/3(0$3\\\\/;.H_U5e5[Ylf^$\\'&;cTT&hJ66s;]Z7RBfJXtoR44YL<WK5+6)^28=-P*]joDB7a3V;pghjdFKX@de3^LQm.XTN<P<Fd(<7,F,SrnQI8LKjIOQCcjV>WShA>3N#</=QsHsmZgZIFjS\"9\\'1\"Q(n*gMPo`+]1ZOi(oVpP;K\\'Go3q!\\\\Q!aT/bYV?=AqtOAIR\\'TV*i7NebKS\"jQsN&OAiuQcDX`c%K%_H#\\'-O1!OG+bpL.)&&J$C0B%3&,CWRm_EEUIB9=eSGk!f\\\\VR#XnO4>V\"f&!6F%.sN$cOs\\'t~>endstream\\nendobj\\nxref\\n0 10\\n0000000000 65535 f \\n0000000073 00000 n \\n0000000124 00000 n \\n0000000231 00000 n \\n0000000343 00000 n \\n0000000426 00000 n \\n0000000629 00000 n \\n0000000697 00000 n \\n0000000980 00000 n \\n0000001039 00000 n \\ntrailer\\n<<\\n/ID \\n[<ad9c8b7268d27177d4dae1269d13f99d><ad9c8b7268d27177d4dae1269d13f99d>]\\n% ReportLab generated PDF document -- digest (http://www.reportlab.com)\\n\\n/Info 7 0 R\\n/Root 6 0 R\\n/Size 10\\n>>\\nstartxref\\n2542\\n%%EOF\\n'\n\nDuring handling of the above exception, another exception occurred:\ntests_smoke\\test_calib_pdf.py:137: in test_pdf_content_verification\n    pytest.fail(f\"Erreur vérification contenu PDF: {str(e)}\")\nE   Failed: Erreur vérification contenu PDF: Titre CHNeoWave manquant\nE   assert 'CHNeoWave' in '%PDF-1.4\\n%\\x93\\x8c\\x8b\\x9e ReportLab Generated PDF document http://www.reportlab.com\\n1 0 obj\\n<<\\n/F1 2 0 R /F2 3 0 R /F3 4 0 R\\n>>\\nendobj\\n2 0 obj\\n<<\\n/BaseFont /Helvetica /Encoding /WinAnsiEncoding /Name /F1 /Subtype /Type1 /Type /Font\\n>>\\nendobj\\n3 0 obj\\n<<\\n/BaseFont /Helvetica-Bold /Encoding /WinAnsiEncoding /Name /F2 /Subtype /Type1 /Type /Font\\n>>\\nendobj\\n4 0 obj\\n<<\\n/BaseFont /ZapfDingbats /Name /F3 /Subtype /Type1 /Type /Font\\n>>\\nendobj\\n5 0 obj\\n<<\\n/Contents 9 0 R /MediaBox [ 0 0 595.2756 841.8898 ] /Parent 8 0 R /Resources <<\\n/Font 1 0 R /ProcSet [ /PDF /Text /ImageB /ImageC /ImageI ]\\n>> /Rotate 0 /Trans <<\\n\\n>> \\n  /Type /Page\\n>>\\nendobj\\n6 0 obj\\n<<\\n/PageMode /UseNone /Pages 8 0 R /Type /Catalog\\n>>\\nendobj\\n7 0 obj\\n<<\\n/Author (\\\\(anonymous\\\\)) /CreationDate (D:20250720101236+02\\'00\\') /Creator (\\\\(unspecified\\\\)) /Keywords () /ModDate (D:20250720101236+02\\'00\\') /Producer (ReportLab PDF Library - www.reportlab.com) \\n  /Subject (\\\\(unspecified\\\\)) /Title (\\\\(anonymous\\\\)) /Trapped /False\\n>>\\nendobj\\n8 0 obj\\n<<\\n/Count 1 /Kids [ 5 0 R ] /Type /Pages\\n>>\\nendobj\\n9 0 obj\\n<<\\n/Filter [ /ASCII85Decode /FlateDecode ] /Length 1412\\n>>\\nstream\\nGatm;95...X)ho?Z[_2l/M/3k]1:fH0Wb;h[R&oSD-lSWT72HW!S+\\\\u8e>#lp#&otTiXCr5[<=uTQ&nk8WABPP;fY5%G[<Z$^\",(ttiVq9U(mK<B].)un>@Z=:V9Q[B`B%Q%@$f93IDIojJec_m+WT2RDA-DgCa)j/(M)G_oTC_>$VB\"d0SEZ*/%Ell1lRXgP[peql:X?[#Be!Xbt;qq;os=FZfPUb[)dni?#`\\'PB\\'Zf`bUXA_/ZI![]T8;B!_3.#/2kp1l%IsA]>NV`LaV8S;Z)CL]kMB7DNEH;#bbCqPVSKb5nS;8J2=$<c,=l)lYqL(9I7..j[XS\"\\'a$%HXI5W#S]m8:1aa]XbVo*(e#L-`Vo%S#(p)_qP+Gos[TQdfRbXr%ebf;[;tDk+%]e80HUXls?(3T2K3Z*gjcBPZ8h0/3(0$3\\\\/;.H_U5e5[Ylf^$\\'&;cTT&hJ66s;]Z7RBfJXtoR44YL<WK5+6)^28=-P*]joDB7a3V;pghjdFKX@de3^LQm.XTN<P<Fd(<7,F,SrnQI8LKjIOQCcjV>WShA>3N#</=QsHsmZgZIFjS\"9\\'1\"Q(n*gMPo`+]1ZOi(oVpP;K\\'Go3q!\\\\Q!aT/bYV?=AqtOAIR\\'TV*i7NebKS\"jQsN&OAiuQcDX`c%K%_H#\\'-O1!OG+bpL.)&&J$C0B%3&,CWRm_EEUIB9=eSGk!f\\\\VR#XnO4>V\"f&!6F%.sN$cOs\\'t~>endstream\\nendobj\\nxref\\n0 10\\n0000000000 65535 f \\n0000000073 00000 n \\n0000000124 00000 n \\n0000000231 00000 n \\n0000000343 00000 n \\n0000000426 00000 n \\n0000000629 00000 n \\n0000000697 00000 n \\n0000000980 00000 n \\n0000001039 00000 n \\ntrailer\\n<<\\n/ID \\n[<ad9c8b7268d27177d4dae1269d13f99d><ad9c8b7268d27177d4dae1269d13f99d>]\\n% ReportLab generated PDF document -- digest (http://www.reportlab.com)\\n\\n/Info 7 0 R\\n/Root 6 0 R\\n/Size 10\\n>>\\nstartxref\\n2542\\n%%EOF\\n'\n________________ TestCalibPDF.test_pdf_signature_verification _________________\ntests_smoke\\test_calib_pdf.py:256: in test_pdf_signature_verification\n    assert hash_short in pdf_content, f\"Hash SHA-256 manquant dans le PDF: {hash_short}\"\nE   AssertionError: Hash SHA-256 manquant dans le PDF: e0aa81a413379ce6\nE   assert 'e0aa81a413379ce6' in '%PDF-1.4\\n%\\x93\\x8c\\x8b\\x9e ReportLab Generated PDF document http://www.reportlab.com\\n1 0 obj\\n<<\\n/F1 2 0 R /F2 3 0 R /F3 4 0 R\\n>>\\nendobj\\n2 0 obj\\n<<\\n/BaseFont /Helvetica /Encoding /WinAnsiEncoding /Name /F1 /Subtype /Type1 /Type /Font\\n>>\\nendobj\\n3 0 obj\\n<<\\n/BaseFont /Helvetica-Bold /Encoding /WinAnsiEncoding /Name /F2 /Subtype /Type1 /Type /Font\\n>>\\nendobj\\n4 0 obj\\n<<\\n/BaseFont /ZapfDingbats /Name /F3 /Subtype /Type1 /Type /Font\\n>>\\nendobj\\n5 0 obj\\n<<\\n/Contents 9 0 R /MediaBox [ 0 0 595.2756 841.8898 ] /Parent 8 0 R /Resources <<\\n/Font 1 0 R /ProcSet [ /PDF /Text /ImageB /ImageC /ImageI ]\\n>> /Rotate 0 /Trans <<\\n\\n>> \\n  /Type /Page\\n>>\\nendobj\\n6 0 obj\\n<<\\n/PageMode /UseNone /Pages 8 0 R /Type /Catalog\\n>>\\nendobj\\n7 0 obj\\n<<\\n/Author (\\\\(anonymous\\\\)) /CreationDate (D:20250720101236+02\\'00\\') /Creator (\\\\(unspecified\\\\)) /Keywords () /ModDate (D:20250720101236+02\\'00\\') /Producer (ReportLab PDF Library - www.reportlab.com) \\n  /Subject (\\\\(unspecified\\\\)) /Title (\\\\(anonymous\\\\)) /Trapped /False\\n>>\\nendobj\\n8 0 obj\\n<<\\n/Count 1 /Kids [ 5 0 R ] /Type /Pages\\n>>\\nendobj\\n9 0 obj\\n<<\\n/Filter [ /ASCII85Decode /FlateDecode ] /Length 1412\\n>>\\nstream\\nGatm;95...X)ho?Z[_2l/M/3k]1:fH0Wb;h[R&oSD-lSWT72HW!S+\\\\u8e>#lp#&otTiXCr5[<=uTQ&nk8WABPP;fY5%G[<Z$^\",(ttiVq9U(mK<B].)un>@Z=:V9Q[B`B%Q%@$f93IDIojJec_m+WT2RDA-DgCa)j/(M)G_oTC_>$VB\"d0SEZ*/%Ell1lRXgP[peql:X?[#Be!Xbt;qq;os=FZfPUb[)dni?#`\\'PB\\'Zf`bUXA_/ZI![]T8;B!_3.#/2kp1l%IsA]>NV`LaV8S;Z)CL]kMB7DNEH;#bbCqPVSKb5nS;8J2=$<c,=l)lYqL(9I7..j[XS\"\\'a$%HXI5W#S]m8:1aa]XbVo*(e#L-`Vo%S#(p)_qP+Gos[TQdfRbXr%ebf;[;tDk+%]e80HUXls?(3T2K3Z*gjcBPZ8h0/3(0$3\\\\/;.H_U5e5[Ylf^$\\'&;cTT&hJ66s;]Z7RBfJXtoR44YL<WK5+6)^28=-P*]joDB7a3V;pghjdFKX@de3^LQm.XTN<P<Fd(<7,F,SrnQI8LKjIOQCcjV>WShA>3N#</=QsHsmZgZIFjS\"9\\'1\"Q(n*gMPo`+]1ZOi(oVpP;K\\'Go3q!\\\\Q!aT/bYV?=AqtOAIR\\'TV*i7NebKS\"jQsN&OAiuQcDX`c%K%_H#\\'-O1!OG+bpL.)&&J$C0B%3&,CWRm_EEUIB9=eSGk!f\\\\VR#XnO4>V\"f&!6F%.sN$cOs\\'t~>endstream\\nendobj\\nxref\\n0 10\\n0000000000 65535 f \\n0000000073 00000 n \\n0000000124 00000 n \\n0000000231 00000 n \\n0000000343 00000 n \\n0000000426 00000 n \\n0000000629 00000 n \\n0000000697 00000 n \\n0000000980 00000 n \\n0000001039 00000 n \\ntrailer\\n<<\\n/ID \\n[<6ed80965c3bd8e081537ed3636d61f40><6ed80965c3bd8e081537ed3636d61f40>]\\n% ReportLab generated PDF document -- digest (http://www.reportlab.com)\\n\\n/Info 7 0 R\\n/Root 6 0 R\\n/Size 10\\n>>\\nstartxref\\n2542\\n%%EOF\\n'\n\nDuring handling of the above exception, another exception occurred:\ntests_smoke\\test_calib_pdf.py:261: in test_pdf_signature_verification\n    pytest.fail(f\"Erreur vérification signature: {str(e)}\")\nE   Failed: Erreur vérification signature: Hash SHA-256 manquant dans le PDF: e0aa81a413379ce6\nE   assert 'e0aa81a413379ce6' in '%PDF-1.4\\n%\\x93\\x8c\\x8b\\x9e ReportLab Generated PDF document http://www.reportlab.com\\n1 0 obj\\n<<\\n/F1 2 0 R /F2 3 0 R /F3 4 0 R\\n>>\\nendobj\\n2 0 obj\\n<<\\n/BaseFont /Helvetica /Encoding /WinAnsiEncoding /Name /F1 /Subtype /Type1 /Type /Font\\n>>\\nendobj\\n3 0 obj\\n<<\\n/BaseFont /Helvetica-Bold /Encoding /WinAnsiEncoding /Name /F2 /Subtype /Type1 /Type /Font\\n>>\\nendobj\\n4 0 obj\\n<<\\n/BaseFont /ZapfDingbats /Name /F3 /Subtype /Type1 /Type /Font\\n>>\\nendobj\\n5 0 obj\\n<<\\n/Contents 9 0 R /MediaBox [ 0 0 595.2756 841.8898 ] /Parent 8 0 R /Resources <<\\n/Font 1 0 R /ProcSet [ /PDF /Text /ImageB /ImageC /ImageI ]\\n>> /Rotate 0 /Trans <<\\n\\n>> \\n  /Type /Page\\n>>\\nendobj\\n6 0 obj\\n<<\\n/PageMode /UseNone /Pages 8 0 R /Type /Catalog\\n>>\\nendobj\\n7 0 obj\\n<<\\n/Author (\\\\(anonymous\\\\)) /CreationDate (D:20250720101236+02\\'00\\') /Creator (\\\\(unspecified\\\\)) /Keywords () /ModDate (D:20250720101236+02\\'00\\') /Producer (ReportLab PDF Library - www.reportlab.com) \\n  /Subject (\\\\(unspecified\\\\)) /Title (\\\\(anonymous\\\\)) /Trapped /False\\n>>\\nendobj\\n8 0 obj\\n<<\\n/Count 1 /Kids [ 5 0 R ] /Type /Pages\\n>>\\nendobj\\n9 0 obj\\n<<\\n/Filter [ /ASCII85Decode /FlateDecode ] /Length 1412\\n>>\\nstream\\nGatm;95...X)ho?Z[_2l/M/3k]1:fH0Wb;h[R&oSD-lSWT72HW!S+\\\\u8e>#lp#&otTiXCr5[<=uTQ&nk8WABPP;fY5%G[<Z$^\",(ttiVq9U(mK<B].)un>@Z=:V9Q[B`B%Q%@$f93IDIojJec_m+WT2RDA-DgCa)j/(M)G_oTC_>$VB\"d0SEZ*/%Ell1lRXgP[peql:X?[#Be!Xbt;qq;os=FZfPUb[)dni?#`\\'PB\\'Zf`bUXA_/ZI![]T8;B!_3.#/2kp1l%IsA]>NV`LaV8S;Z)CL]kMB7DNEH;#bbCqPVSKb5nS;8J2=$<c,=l)lYqL(9I7..j[XS\"\\'a$%HXI5W#S]m8:1aa]XbVo*(e#L-`Vo%S#(p)_qP+Gos[TQdfRbXr%ebf;[;tDk+%]e80HUXls?(3T2K3Z*gjcBPZ8h0/3(0$3\\\\/;.H_U5e5[Ylf^$\\'&;cTT&hJ66s;]Z7RBfJXtoR44YL<WK5+6)^28=-P*]joDB7a3V;pghjdFKX@de3^LQm.XTN<P<Fd(<7,F,SrnQI8LKjIOQCcjV>WShA>3N#</=QsHsmZgZIFjS\"9\\'1\"Q(n*gMPo`+]1ZOi(oVpP;K\\'Go3q!\\\\Q!aT/bYV?=AqtOAIR\\'TV*i7NebKS\"jQsN&OAiuQcDX`c%K%_H#\\'-O1!OG+bpL.)&&J$C0B%3&,CWRm_EEUIB9=eSGk!f\\\\VR#XnO4>V\"f&!6F%.sN$cOs\\'t~>endstream\\nendobj\\nxref\\n0 10\\n0000000000 65535 f \\n0000000073 00000 n \\n0000000124 00000 n \\n0000000231 00000 n \\n0000000343 00000 n \\n0000000426 00000 n \\n0000000629 00000 n \\n0000000697 00000 n \\n0000000980 00000 n \\n0000001039 00000 n \\ntrailer\\n<<\\n/ID \\n[<6ed80965c3bd8e081537ed3636d61f40><6ed80965c3bd8e081537ed3636d61f40>]\\n% ReportLab generated PDF document -- digest (http://www.reportlab.com)\\n\\n/Info 7 0 R\\n/Root 6 0 R\\n/Size 10\\n>>\\nstartxref\\n2542\\n%%EOF\\n'\n____________________ TestCalibPDF.test_pdf_error_handling _____________________\ntests_smoke\\test_calib_pdf.py:271: in test_pdf_error_handling\n    with pytest.raises(Exception):\nE   Failed: DID NOT RAISE <class 'Exception'>\n-------------------------- Captured stdout teardown ---------------------------\n\n=== Nettoyage environnement de test ===\n=========================== short test summary info ===========================\nFAILED tests_smoke/test_calib_pdf.py::TestCalibPDF::test_pdf_content_verification\nFAILED tests_smoke/test_calib_pdf.py::TestCalibPDF::test_pdf_signature_verification\nFAILED tests_smoke/test_calib_pdf.py::TestCalibPDF::test_pdf_error_handling\n========================= 3 failed, 3 passed in 2.75s =========================\n",
      "error": ""
    }
  }
}