{
  "timestamp": "2025-07-20T11:29:43.642212",
  "version": "CHNeoWave v1.1.0-beta",
  "total_tests": 3,
  "passed": 0,
  "failed": 3,
  "errors": 0,
  "timeouts": 0,
  "total_duration": 21.564125061035156,
  "results": {
    "test_launch_gui.py": {
      "status": "failed",
      "duration": 7.268072128295898,
      "output": "============================= test session starts =============================\ncollecting ... collected 3 items\n\ntests_smoke/test_launch_gui.py::TestLaunchGUI::test_gui_startup_simulation ",
      "error": ""
    },
    "test_export_hdf5.py": {
      "status": "failed",
      "duration": 8.196011304855347,
      "output": "============================= test session starts =============================\ncollecting ... collected 4 items\n\ntests_smoke/test_export_hdf5.py::TestExportHDF5::test_hdf5_writer_basic PASSED [ 25%]\ntests_smoke/test_export_hdf5.py::TestExportHDF5::test_simulated_acquisition_export FAILED [ 50%]\ntests_smoke/test_export_hdf5.py::TestExportHDF5::test_hdf5_integrity_verification FAILED [ 75%]\ntests_smoke/test_export_hdf5.py::TestExportHDF5::test_large_dataset_export FAILED [100%]\n\n================================== FAILURES ===================================\n______________ TestExportHDF5.test_simulated_acquisition_export _______________\ntests_smoke\\test_export_hdf5.py:176: in test_simulated_acquisition_export\n    assert f.attrs['fs'] == fs, \"Attribut fs incorrect\"\n           ^^^^^^^^^^^^^\nh5py/_objects.pyx:56: in h5py._objects.with_phil.wrapper\n    ???\nh5py/_objects.pyx:57: in h5py._objects.with_phil.wrapper\n    ???\nvenv\\Lib\\site-packages\\h5py\\_hl\\attrs.py:56: in __getitem__\n    attr = h5a.open(self._id, self._e(name))\n           ^^^^^^^^^^^^^^^^^^^^^^^^^^^^^^^^^\nh5py/_objects.pyx:56: in h5py._objects.with_phil.wrapper\n    ???\nh5py/_objects.pyx:57: in h5py._objects.with_phil.wrapper\n    ???\nh5py/h5a.pyx:80: in h5py.h5a.open\n    ???\nE   KeyError: \"Unable to synchronously open attribute (can't locate attribute: 'fs')\"\n\nDuring handling of the above exception, another exception occurred:\ntests_smoke\\test_export_hdf5.py:187: in test_simulated_acquisition_export\n    pytest.fail(f\"Erreur acquisition/export HDF5: {str(e)}\")\nE   Failed: Erreur acquisition/export HDF5: \"Unable to synchronously open attribute (can't locate attribute: 'fs')\"\n---------------------------- Captured stdout call -----------------------------\nDémarrage acquisition simulée: 5.0s à 32Hz, 8 canaux\nUtilisation de données simulées (fallback)\nDonnées collectées: (160, 8) (5.0s)\nTaille fichier HDF5: 0.02 MB\n------------------------------ Captured log call ------------------------------\nERROR    hrneowave.hw.demo_backend:demo_backend.py:101 Callback de données non défini\n_______________ TestExportHDF5.test_hdf5_integrity_verification _______________\ntests_smoke\\test_export_hdf5.py:217: in test_hdf5_integrity_verification\n    assert is_valid, \"Vérification d'intégrité échouée\"\nE   AssertionError: Vérification d'intégrité échouée\nE   assert False\n\nDuring handling of the above exception, another exception occurred:\ntests_smoke\\test_export_hdf5.py:238: in test_hdf5_integrity_verification\n    pytest.fail(f\"Erreur test intégrité HDF5: {str(e)}\")\nE   Failed: Erreur test intégrité HDF5: Vérification d'intégrité échouée\nE   assert False\n__________________ TestExportHDF5.test_large_dataset_export ___________________\ntests_smoke\\test_export_hdf5.py:281: in test_large_dataset_export\n    dataset.resize((new_size, n_channels))\nvenv\\Lib\\site-packages\\h5py\\_hl\\dataset.py:741: in resize\n    self.id.set_extent(size)\nh5py/_objects.pyx:56: in h5py._objects.with_phil.wrapper\n    ???\nh5py/_objects.pyx:57: in h5py._objects.with_phil.wrapper\n    ???\nh5py/h5d.pyx:360: in h5py.h5d.DatasetID.set_extent\n    ???\nE   RuntimeError: Unable to synchronously change a dataset's dimensions (dimension cannot exceed the existing maximal size (new: 2000 max: 1000))\n\nDuring handling of the above exception, another exception occurred:\ntests_smoke\\test_export_hdf5.py:300: in test_large_dataset_export\n    pytest.fail(f\"Erreur test large dataset: {str(e)}\")\nE   Failed: Erreur test large dataset: Unable to synchronously change a dataset's dimensions (dimension cannot exceed the existing maximal size (new: 2000 max: 1000))\n-------------------------- Captured stdout teardown ---------------------------\n\n=== Nettoyage environnement de test ===\n=========================== short test summary info ===========================\nFAILED tests_smoke/test_export_hdf5.py::TestExportHDF5::test_simulated_acquisition_export\nFAILED tests_smoke/test_export_hdf5.py::TestExportHDF5::test_hdf5_integrity_verification\nFAILED tests_smoke/test_export_hdf5.py::TestExportHDF5::test_large_dataset_export\n========================= 3 failed, 1 passed in 7.04s =========================\n",
      "error": ""
    },
    "test_calib_pdf.py": {
      "status": "failed",
      "duration": 6.100041627883911,
      "output": "============================= test session starts =============================\ncollecting ... collected 6 items\n\ntests_smoke/test_calib_pdf.py::TestCalibPDF::test_pdf_generator_basic PASSED [ 16%]\ntests_smoke/test_calib_pdf.py::TestCalibPDF::test_pdf_content_verification FAILED [ 33%]\ntests_smoke/test_calib_pdf.py::TestCalibPDF::test_pdf_with_high_quality_calibration PASSED [ 50%]\ntests_smoke/test_calib_pdf.py::TestCalibPDF::test_pdf_with_multiple_sensors PASSED [ 66%]\ntests_smoke/test_calib_pdf.py::TestCalibPDF::test_pdf_signature_verification FAILED [ 83%]\ntests_smoke/test_calib_pdf.py::TestCalibPDF::test_pdf_error_handling FAILED [100%]\n\n================================== FAILURES ===================================\n_________________ TestCalibPDF.test_pdf_content_verification __________________\ntests_smoke\\test_calib_pdf.py:116: in test_pdf_content_verification\n    assert 'CHNeoWave' in pdf_content, \"Titre CHNeoWave manquant\"\nE   AssertionError: Titre CHNeoWave manquant\nE   assert 'CHNeoWave' in '%PDF-1.4\\n%\\x93\\x8c\\x8b\\x9e ReportLab Generated PDF document http://www.reportlab.com\\n1 0 obj\\n<<\\n/F1 2 0 R /F2 3 0 R /F3 4 0 R\\n>>\\nendobj\\n2 0 obj\\n<<\\n/BaseFont /Helvetica /Encoding /WinAnsiEncoding /Name /F1 /Subtype /Type1 /Type /Font\\n>>\\nendobj\\n3 0 obj\\n<<\\n/BaseFont /Helvetica-Bold /Encoding /WinAnsiEncoding /Name /F2 /Subtype /Type1 /Type /Font\\n>>\\nendobj\\n4 0 obj\\n<<\\n/BaseFont /ZapfDingbats /Name /F3 /Subtype /Type1 /Type /Font\\n>>\\nendobj\\n5 0 obj\\n<<\\n/Contents 12 0 R /MediaBox [ 0 0 595.2756 841.8898 ] /Parent 11 0 R /Resources <<\\n/Font 1 0 R /ProcSet [ /PDF /Text /ImageB /ImageC /ImageI ]\\n>> /Rotate 0 /Trans <<\\n\\n>> \\n  /Type /Page\\n>>\\nendobj\\n6 0 obj\\n<<\\n/BitsPerComponent 8 /ColorSpace /DeviceRGB /Filter [ /ASCII85Decode /FlateDecode ] /Height 817 /Length 73425 /SMask 7 0 R \\n  /Subtype /Image /Type /XObject /Width 1029\\n>>\\nstream\\nGb\",k#C$q_pVoQ*\"f3V9e5&M$s.Z.67$/r>UkO>LI%gZdG\"#AlU/EkA&1Ing65L3t-%lgPS^9_5]pC\"?p[$3*CbAJ;D;!`UG;;2In(B)7k0DepGL*l_Het;t,RFGNzzzzzzzzzzzzzzzzzzzzzzzz!20+mCtZ*#\\'.3YMf3`9:UgS4`Ei)R#7_Oe;Let]:z!!$](/R,ZJ.TNKDSN<)j?WOcl\"Z\\'oC-oX)o[Vac2AS%js(B=F8!!!\"(a*[9g8!u(0/]\\'D!?+O\"KHM&afWZ43M\\\\-SQ]9C(02WW*VY9Q7LqN>jg>F(s:2@:E\\\\TO`\\\\\\\\_+VcP7...tream\\nendobj\\n13 0 obj\\n<<\\n/Filter [ /ASCII85Decode /FlateDecode ] /Length 534\\n>>\\nstream\\nGat=\\'95i<6&AI=/b],qKG@pd0)\\\\bmT<@($Y3:u4Kp1b2mcm[Z+O(/sZ\"o8cKag1!tHk1]R^f\".`IK4WI_YSk7(toCoKS&n)hRCaH6cVsj\"VVhONeGuTb-c7>]b+#7W_Mi^0[dPme7O+`:;`F\\'\\'/;t>g#bt6kEH;jQ0krCR\\'=&U*o;n$a&;YFL5#/&:mAMGqfd[?a@@pVcO>Dr@B2[bZYX%\\'2FShg<aG>,755U\\\\<O#d#Y!26]q_0+h\"P8Ff7V\\\\B8[tjS_g98l;?L2oq,h`JC:4RQi>&:nK$&8m.esa#NnaapBCU9uWo`]*J$BiNF=,M?k]4=(90\\'\"R#LT2_]+o;gVp2$I&OYlgn20Dbc.A^M>iq&tBoD_DY_d^m)qQhaB/cEqdEK,.da;Srl.V!21I\\\\ZZA]Sq77`J_ZI)YbQjb.A8n&6a?1aj?KiU;mm4i+aC7GUbqoQ\\'(1<NNbH>d&1U7j]rs?#dB,WWrq*@*!qCG*5]@aB1Vn;^5!$?0<`k\"3SYpj,=)B\\\\3H95\"E\\\\muh+)$GX49~>endstream\\nendobj\\nxref\\n0 14\\n0000000000 65535 f \\n0000000073 00000 n \\n0000000124 00000 n \\n0000000231 00000 n \\n0000000343 00000 n \\n0000000426 00000 n \\n0000000631 00000 n \\n0000074262 00000 n \\n0000074711 00000 n \\n0000074979 00000 n \\n0000075048 00000 n \\n0000075332 00000 n \\n0000075398 00000 n \\n0000076779 00000 n \\ntrailer\\n<<\\n/ID \\n[<e0a92946a0daf16279d5b51bf85dacd0><e0a92946a0daf16279d5b51bf85dacd0>]\\n% ReportLab generated PDF document -- digest (http://www.reportlab.com)\\n\\n/Info 10 0 R\\n/Root 9 0 R\\n/Size 14\\n>>\\nstartxref\\n77404\\n%%EOF\\n'\n\nDuring handling of the above exception, another exception occurred:\ntests_smoke\\test_calib_pdf.py:137: in test_pdf_content_verification\n    pytest.fail(f\"Erreur vérification contenu PDF: {str(e)}\")\nE   Failed: Erreur vérification contenu PDF: Titre CHNeoWave manquant\nE   assert 'CHNeoWave' in '%PDF-1.4\\n%\\x93\\x8c\\x8b\\x9e ReportLab Generated PDF document http://www.reportlab.com\\n1 0 obj\\n<<\\n/F1 2 0 R /F2 3 0 R /F3 4 0 R\\n>>\\nendobj\\n2 0 obj\\n<<\\n/BaseFont /Helvetica /Encoding /WinAnsiEncoding /Name /F1 /Subtype /Type1 /Type /Font\\n>>\\nendobj\\n3 0 obj\\n<<\\n/BaseFont /Helvetica-Bold /Encoding /WinAnsiEncoding /Name /F2 /Subtype /Type1 /Type /Font\\n>>\\nendobj\\n4 0 obj\\n<<\\n/BaseFont /ZapfDingbats /Name /F3 /Subtype /Type1 /Type /Font\\n>>\\nendobj\\n5 0 obj\\n<<\\n/Contents 12 0 R /MediaBox [ 0 0 595.2756 841.8898 ] /Parent 11 0 R /Resources <<\\n/Font 1 0 R /ProcSet [ /PDF /Text /ImageB /ImageC /ImageI ]\\n>> /Rotate 0 /Trans <<\\n\\n>> \\n  /Type /Page\\n>>\\nendobj\\n6 0 obj\\n<<\\n/BitsPerComponent 8 /ColorSpace /DeviceRGB /Filter [ /ASCII85Decode /FlateDecode ] /Height 817 /Length 73425 /SMask 7 0 R \\n  /Subtype /Image /Type /XObject /Width 1029\\n>>\\nstream\\nGb\",k#C$q_pVoQ*\"f3V9e5&M$s.Z.67$/r>UkO>LI%gZdG\"#AlU/EkA&1Ing65L3t-%lgPS^9_5]pC\"?p[$3*CbAJ;D;!`UG;;2In(B)7k0DepGL*l_Het;t,RFGNzzzzzzzzzzzzzzzzzzzzzzzz!20+mCtZ*#\\'.3YMf3`9:UgS4`Ei)R#7_Oe;Let]:z!!$](/R,ZJ.TNKDSN<)j?WOcl\"Z\\'oC-oX)o[Vac2AS%js(B=F8!!!\"(a*[9g8!u(0/]\\'D!?+O\"KHM&afWZ43M\\\\-SQ]9C(02WW*VY9Q7LqN>jg>F(s:2@:E\\\\TO`\\\\\\\\_+VcP7...tream\\nendobj\\n13 0 obj\\n<<\\n/Filter [ /ASCII85Decode /FlateDecode ] /Length 534\\n>>\\nstream\\nGat=\\'95i<6&AI=/b],qKG@pd0)\\\\bmT<@($Y3:u4Kp1b2mcm[Z+O(/sZ\"o8cKag1!tHk1]R^f\".`IK4WI_YSk7(toCoKS&n)hRCaH6cVsj\"VVhONeGuTb-c7>]b+#7W_Mi^0[dPme7O+`:;`F\\'\\'/;t>g#bt6kEH;jQ0krCR\\'=&U*o;n$a&;YFL5#/&:mAMGqfd[?a@@pVcO>Dr@B2[bZYX%\\'2FShg<aG>,755U\\\\<O#d#Y!26]q_0+h\"P8Ff7V\\\\B8[tjS_g98l;?L2oq,h`JC:4RQi>&:nK$&8m.esa#NnaapBCU9uWo`]*J$BiNF=,M?k]4=(90\\'\"R#LT2_]+o;gVp2$I&OYlgn20Dbc.A^M>iq&tBoD_DY_d^m)qQhaB/cEqdEK,.da;Srl.V!21I\\\\ZZA]Sq77`J_ZI)YbQjb.A8n&6a?1aj?KiU;mm4i+aC7GUbqoQ\\'(1<NNbH>d&1U7j]rs?#dB,WWrq*@*!qCG*5]@aB1Vn;^5!$?0<`k\"3SYpj,=)B\\\\3H95\"E\\\\muh+)$GX49~>endstream\\nendobj\\nxref\\n0 14\\n0000000000 65535 f \\n0000000073 00000 n \\n0000000124 00000 n \\n0000000231 00000 n \\n0000000343 00000 n \\n0000000426 00000 n \\n0000000631 00000 n \\n0000074262 00000 n \\n0000074711 00000 n \\n0000074979 00000 n \\n0000075048 00000 n \\n0000075332 00000 n \\n0000075398 00000 n \\n0000076779 00000 n \\ntrailer\\n<<\\n/ID \\n[<e0a92946a0daf16279d5b51bf85dacd0><e0a92946a0daf16279d5b51bf85dacd0>]\\n% ReportLab generated PDF document -- digest (http://www.reportlab.com)\\n\\n/Info 10 0 R\\n/Root 9 0 R\\n/Size 14\\n>>\\nstartxref\\n77404\\n%%EOF\\n'\n________________ TestCalibPDF.test_pdf_signature_verification _________________\ntests_smoke\\test_calib_pdf.py:256: in test_pdf_signature_verification\n    assert hash_short in pdf_content, f\"Hash SHA-256 manquant dans le PDF: {hash_short}\"\nE   AssertionError: Hash SHA-256 manquant dans le PDF: e0aa81a413379ce6\nE   assert 'e0aa81a413379ce6' in '%PDF-1.4\\n%\\x93\\x8c\\x8b\\x9e ReportLab Generated PDF document http://www.reportlab.com\\n1 0 obj\\n<<\\n/F1 2 0 R /F2 3 0 R /F3 4 0 R\\n>>\\nendobj\\n2 0 obj\\n<<\\n/BaseFont /Helvetica /Encoding /WinAnsiEncoding /Name /F1 /Subtype /Type1 /Type /Font\\n>>\\nendobj\\n3 0 obj\\n<<\\n/BaseFont /Helvetica-Bold /Encoding /WinAnsiEncoding /Name /F2 /Subtype /Type1 /Type /Font\\n>>\\nendobj\\n4 0 obj\\n<<\\n/BaseFont /ZapfDingbats /Name /F3 /Subtype /Type1 /Type /Font\\n>>\\nendobj\\n5 0 obj\\n<<\\n/Contents 12 0 R /MediaBox [ 0 0 595.2756 841.8898 ] /Parent 11 0 R /Resources <<\\n/Font 1 0 R /ProcSet [ /PDF /Text /ImageB /ImageC /ImageI ]\\n>> /Rotate 0 /Trans <<\\n\\n>> \\n  /Type /Page\\n>>\\nendobj\\n6 0 obj\\n<<\\n/BitsPerComponent 8 /ColorSpace /DeviceRGB /Filter [ /ASCII85Decode /FlateDecode ] /Height 817 /Length 73425 /SMask 7 0 R \\n  /Subtype /Image /Type /XObject /Width 1029\\n>>\\nstream\\nGb\",k#C$q_pVoQ*\"f3V9e5&M$s.Z.67$/r>UkO>LI%gZdG\"#AlU/EkA&1Ing65L3t-%lgPS^9_5]pC\"?p[$3*CbAJ;D;!`UG;;2In(B)7k0DepGL*l_Het;t,RFGNzzzzzzzzzzzzzzzzzzzzzzzz!20+mCtZ*#\\'.3YMf3`9:UgS4`Ei)R#7_Oe;Let]:z!!$](/R,ZJ.TNKDSN<)j?WOcl\"Z\\'oC-oX)o[Vac2AS%js(B=F8!!!\"(a*[9g8!u(0/]\\'D!?+O\"KHM&afWZ43M\\\\-SQ]9C(02WW*VY9Q7LqN>jg>F(s:2@:E\\\\TO`\\\\\\\\_+VcP7...am\\nendobj\\n13 0 obj\\n<<\\n/Filter [ /ASCII85Decode /FlateDecode ] /Length 535\\n>>\\nstream\\nGat=\\'95i<6&AI=/b],qKf/)IMhOm\\\\kW%&r7_4_Ym[TAC.L.9kqIN5]@0$oC#8<tQ_kBlt[Jh2Uum0A0N/Z^T:OJ\\'jK8gnAVi-jA82L+T\\\\?4`8#j\\\\TXXZ!8fWm#>sfWnKkt$H(F8V`*k!E>lQMSVT!EB:C]#SPq#ZW,/B\"AWj`ld_i]%q,lo\\'c&aWN$ApV5E;sh6LO94rp-^%E)6t.`Rq2]N[ODjZ\\\\*B]+.#P!;Xbtr/GP,[Zh1te[-+H,I2lq#Qh&aupBYQn2HElKbP0uPPDurE8csl=k:H5o#a]d0%+C;cB,Af=RUV9!1=@\"^qpI\\\\<OEgNkoXp[7rmA0#EbE.../pf@9<CBPEHAu4kaNTOCMpIT!kPpb<LW,^1ok.Fc>PagRagJKkP,.&k<>g]6nf,P$i+;]J(G?DnBqUY\\\\..9bV5\\\\T7j8VYgW\\'g@oh\"BP\\\\&`FJ]MY)FpPD1pGbJj)p#0(8Wj6\\\\%W\\'>TMJriCGrPit1?!4[[rLn3\\'HaIX.L(cf$Lm*=<MOQP4#0-q@d?q#P38dQI~>endstream\\nendobj\\nxref\\n0 14\\n0000000000 65535 f \\n0000000073 00000 n \\n0000000124 00000 n \\n0000000231 00000 n \\n0000000343 00000 n \\n0000000426 00000 n \\n0000000631 00000 n \\n0000074262 00000 n \\n0000074711 00000 n \\n0000074979 00000 n \\n0000075048 00000 n \\n0000075332 00000 n \\n0000075398 00000 n \\n0000076779 00000 n \\ntrailer\\n<<\\n/ID \\n[<abf1bda93771bb414c140cd01377b52e><abf1bda93771bb414c140cd01377b52e>]\\n% ReportLab generated PDF document -- digest (http://www.reportlab.com)\\n\\n/Info 10 0 R\\n/Root 9 0 R\\n/Size 14\\n>>\\nstartxref\\n77405\\n%%EOF\\n'\n\nDuring handling of the above exception, another exception occurred:\ntests_smoke\\test_calib_pdf.py:261: in test_pdf_signature_verification\n    pytest.fail(f\"Erreur vérification signature: {str(e)}\")\nE   Failed: Erreur vérification signature: Hash SHA-256 manquant dans le PDF: e0aa81a413379ce6\nE   assert 'e0aa81a413379ce6' in '%PDF-1.4\\n%\\x93\\x8c\\x8b\\x9e ReportLab Generated PDF document http://www.reportlab.com\\n1 0 obj\\n<<\\n/F1 2 0 R /F2 3 0 R /F3 4 0 R\\n>>\\nendobj\\n2 0 obj\\n<<\\n/BaseFont /Helvetica /Encoding /WinAnsiEncoding /Name /F1 /Subtype /Type1 /Type /Font\\n>>\\nendobj\\n3 0 obj\\n<<\\n/BaseFont /Helvetica-Bold /Encoding /WinAnsiEncoding /Name /F2 /Subtype /Type1 /Type /Font\\n>>\\nendobj\\n4 0 obj\\n<<\\n/BaseFont /ZapfDingbats /Name /F3 /Subtype /Type1 /Type /Font\\n>>\\nendobj\\n5 0 obj\\n<<\\n/Contents 12 0 R /MediaBox [ 0 0 595.2756 841.8898 ] /Parent 11 0 R /Resources <<\\n/Font 1 0 R /ProcSet [ /PDF /Text /ImageB /ImageC /ImageI ]\\n>> /Rotate 0 /Trans <<\\n\\n>> \\n  /Type /Page\\n>>\\nendobj\\n6 0 obj\\n<<\\n/BitsPerComponent 8 /ColorSpace /DeviceRGB /Filter [ /ASCII85Decode /FlateDecode ] /Height 817 /Length 73425 /SMask 7 0 R \\n  /Subtype /Image /Type /XObject /Width 1029\\n>>\\nstream\\nGb\",k#C$q_pVoQ*\"f3V9e5&M$s.Z.67$/r>UkO>LI%gZdG\"#AlU/EkA&1Ing65L3t-%lgPS^9_5]pC\"?p[$3*CbAJ;D;!`UG;;2In(B)7k0DepGL*l_Het;t,RFGNzzzzzzzzzzzzzzzzzzzzzzzz!20+mCtZ*#\\'.3YMf3`9:UgS4`Ei)R#7_Oe;Let]:z!!$](/R,ZJ.TNKDSN<)j?WOcl\"Z\\'oC-oX)o[Vac2AS%js(B=F8!!!\"(a*[9g8!u(0/]\\'D!?+O\"KHM&afWZ43M\\\\-SQ]9C(02WW*VY9Q7LqN>jg>F(s:2@:E\\\\TO`\\\\\\\\_+VcP7...am\\nendobj\\n13 0 obj\\n<<\\n/Filter [ /ASCII85Decode /FlateDecode ] /Length 535\\n>>\\nstream\\nGat=\\'95i<6&AI=/b],qKf/)IMhOm\\\\kW%&r7_4_Ym[TAC.L.9kqIN5]@0$oC#8<tQ_kBlt[Jh2Uum0A0N/Z^T:OJ\\'jK8gnAVi-jA82L+T\\\\?4`8#j\\\\TXXZ!8fWm#>sfWnKkt$H(F8V`*k!E>lQMSVT!EB:C]#SPq#ZW,/B\"AWj`ld_i]%q,lo\\'c&aWN$ApV5E;sh6LO94rp-^%E)6t.`Rq2]N[ODjZ\\\\*B]+.#P!;Xbtr/GP,[Zh1te[-+H,I2lq#Qh&aupBYQn2HElKbP0uPPDurE8csl=k:H5o#a]d0%+C;cB,Af=RUV9!1=@\"^qpI\\\\<OEgNkoXp[7rmA0#EbE.../pf@9<CBPEHAu4kaNTOCMpIT!kPpb<LW,^1ok.Fc>PagRagJKkP,.&k<>g]6nf,P$i+;]J(G?DnBqUY\\\\..9bV5\\\\T7j8VYgW\\'g@oh\"BP\\\\&`FJ]MY)FpPD1pGbJj)p#0(8Wj6\\\\%W\\'>TMJriCGrPit1?!4[[rLn3\\'HaIX.L(cf$Lm*=<MOQP4#0-q@d?q#P38dQI~>endstream\\nendobj\\nxref\\n0 14\\n0000000000 65535 f \\n0000000073 00000 n \\n0000000124 00000 n \\n0000000231 00000 n \\n0000000343 00000 n \\n0000000426 00000 n \\n0000000631 00000 n \\n0000074262 00000 n \\n0000074711 00000 n \\n0000074979 00000 n \\n0000075048 00000 n \\n0000075332 00000 n \\n0000075398 00000 n \\n0000076779 00000 n \\ntrailer\\n<<\\n/ID \\n[<abf1bda93771bb414c140cd01377b52e><abf1bda93771bb414c140cd01377b52e>]\\n% ReportLab generated PDF document -- digest (http://www.reportlab.com)\\n\\n/Info 10 0 R\\n/Root 9 0 R\\n/Size 14\\n>>\\nstartxref\\n77405\\n%%EOF\\n'\n____________________ TestCalibPDF.test_pdf_error_handling _____________________\ntests_smoke\\test_calib_pdf.py:271: in test_pdf_error_handling\n    with pytest.raises(Exception):\nE   Failed: DID NOT RAISE <class 'Exception'>\n-------------------------- Captured stdout teardown ---------------------------\n\n=== Nettoyage environnement de test ===\n=========================== short test summary info ===========================\nFAILED tests_smoke/test_calib_pdf.py::TestCalibPDF::test_pdf_content_verification\nFAILED tests_smoke/test_calib_pdf.py::TestCalibPDF::test_pdf_signature_verification\nFAILED tests_smoke/test_calib_pdf.py::TestCalibPDF::test_pdf_error_handling\n========================= 3 failed, 3 passed in 5.30s =========================\n",
      "error": ""
    }
  }
}